<?xml version="1.0" encoding="UTF-8"?>
<!-- Generated by org.testng.reporters.JUnitReportReporter -->
<testsuite hostname="DESKTOP-46L3BLL" failures="0" tests="4" name="MyTestCases" time="42.475" errors="0" timestamp="2024-10-27T22:00:58 GST" skipped="0">
  <testcase classname="MyTestCases" name="SignUp" time="14.459"/>
  <system-out/>
  <testcase classname="MyTestCases" name="LogOut" time="4.819"/>
  <system-out/>
  <testcase classname="MyTestCases" name="LogIn" time="1.486"/>
  <system-out/>
  <testcase classname="MyTestCases" name="AddItemToTheCart" time="21.711"/>
  <system-out/>
</testsuite> <!-- MyTestCases -->
