<?xml version="1.0" encoding="UTF-8"?>
<!-- Generated by org.testng.reporters.JUnitReportReporter -->
<testsuite hostname="DESKTOP-46L3BLL" failures="0" tests="4" name="MyTestCases" time="16.066" errors="0" timestamp="2024-10-21T22:16:00 GST" skipped="3">
  <testcase classname="MyTestCases" name="AddItemToTheCart" time="16.066"/>
  <system-out/>
  <testcase classname="MyTestCases" name="LogIn">
    <skipped/>
  </testcase> <!-- LogIn -->
  <system-out/>
  <testcase classname="MyTestCases" name="LogOut">
    <skipped/>
  </testcase> <!-- LogOut -->
  <system-out/>
  <testcase classname="MyTestCases" name="SignUp">
    <skipped/>
  </testcase> <!-- SignUp -->
  <system-out/>
</testsuite> <!-- MyTestCases -->
